<?xml version="1.0" encoding="UTF-8"?>
<!-- Generated by org.testng.reporters.JUnitReportReporter -->
<testsuite hostname="DESKTOP-T3M8LUK" failures="0" tests="2" name="parameterization.DataProviderAnnotation" time="20.150" errors="0" timestamp="2023-08-24T08:32:48 IST" skipped="0">
  <testcase classname="parameterization.DataProviderAnnotation" name="verifySearch" time="8.437"/>
  <testcase classname="parameterization.DataProviderAnnotation" name="verifySearch" time="11.713"/>
</testsuite> <!-- parameterization.DataProviderAnnotation -->
